0 info it worked if it ends with ok
1 verbose cli [ 'node', '/usr/local/bin/npm', 'install', 'sweet-alert' ]
2 info using npm@1.4.28
3 info using node@v0.10.35
4 warn package.json recipe-finder@0.0.1 No repository field.
5 verbose readDependencies using package.json deps
6 verbose cache add [ 'sweet-alert', null ]
7 verbose cache add name=undefined spec="sweet-alert" args=["sweet-alert",null]
8 verbose parsed url { protocol: null,
8 verbose parsed url   slashes: null,
8 verbose parsed url   auth: null,
8 verbose parsed url   host: null,
8 verbose parsed url   port: null,
8 verbose parsed url   hostname: null,
8 verbose parsed url   hash: null,
8 verbose parsed url   search: null,
8 verbose parsed url   query: null,
8 verbose parsed url   pathname: 'sweet-alert',
8 verbose parsed url   path: 'sweet-alert',
8 verbose parsed url   href: 'sweet-alert' }
9 silly lockFile 507ead51-sweet-alert sweet-alert
10 verbose lock sweet-alert /Users/Clayton/.npm/507ead51-sweet-alert.lock
11 silly lockFile 507ead51-sweet-alert sweet-alert
12 silly lockFile 507ead51-sweet-alert sweet-alert
13 verbose addNamed [ 'sweet-alert', '' ]
14 verbose addNamed [ null, '*' ]
15 silly lockFile 6bbb0524-sweet-alert sweet-alert@
16 verbose lock sweet-alert@ /Users/Clayton/.npm/6bbb0524-sweet-alert.lock
17 silly addNameRange { name: 'sweet-alert', range: '*', hasData: false }
18 verbose request where is /sweet-alert
19 verbose request registry https://registry.npmjs.org/
20 verbose request id 644441a762c2a833
21 verbose url raw /sweet-alert
22 verbose url resolving [ 'https://registry.npmjs.org/', './sweet-alert' ]
23 verbose url resolved https://registry.npmjs.org/sweet-alert
24 verbose request where is https://registry.npmjs.org/sweet-alert
25 info trying registry request attempt 1 at 00:31:30
26 http GET https://registry.npmjs.org/sweet-alert
27 http 404 https://registry.npmjs.org/sweet-alert
28 verbose headers { server: 'CouchDB/1.5.0 (Erlang OTP/R16B03)',
28 verbose headers   'content-type': 'application/json',
28 verbose headers   'cache-control': 'max-age=0',
28 verbose headers   'content-length': '51',
28 verbose headers   'accept-ranges': 'bytes',
28 verbose headers   date: 'Mon, 20 Jul 2015 04:31:30 GMT',
28 verbose headers   via: '1.1 varnish',
28 verbose headers   age: '0',
28 verbose headers   connection: 'keep-alive',
28 verbose headers   'x-served-by': 'cache-ord1734-ORD',
28 verbose headers   'x-cache': 'MISS',
28 verbose headers   'x-cache-hits': '0',
28 verbose headers   'x-timer': 'S1437366690.857169,VS0,VE40' }
29 silly registry.get cb [ 404,
29 silly registry.get   { server: 'CouchDB/1.5.0 (Erlang OTP/R16B03)',
29 silly registry.get     'content-type': 'application/json',
29 silly registry.get     'cache-control': 'max-age=0',
29 silly registry.get     'content-length': '51',
29 silly registry.get     'accept-ranges': 'bytes',
29 silly registry.get     date: 'Mon, 20 Jul 2015 04:31:30 GMT',
29 silly registry.get     via: '1.1 varnish',
29 silly registry.get     age: '0',
29 silly registry.get     connection: 'keep-alive',
29 silly registry.get     'x-served-by': 'cache-ord1734-ORD',
29 silly registry.get     'x-cache': 'MISS',
29 silly registry.get     'x-cache-hits': '0',
29 silly registry.get     'x-timer': 'S1437366690.857169,VS0,VE40' } ]
30 silly lockFile 6bbb0524-sweet-alert sweet-alert@
31 silly lockFile 6bbb0524-sweet-alert sweet-alert@
32 error 404 404 Not Found: sweet-alert
32 error 404
32 error 404 'sweet-alert' is not in the npm registry.
32 error 404 You should bug the author to publish it
32 error 404 It was specified as a dependency of 'recipe-finder'
32 error 404
32 error 404 Note that you can also install from a
32 error 404 tarball, folder, or http url, or git url.
33 error System Darwin 14.0.0
34 error command "node" "/usr/local/bin/npm" "install" "sweet-alert"
35 error cwd /Users/Clayton/Documents/Projects/recipe-finder
36 error node -v v0.10.35
37 error npm -v 1.4.28
38 error code E404
39 verbose exit [ 1, true ]
